{"/Users/wellick/Repos/footballers-frontend/src/components/footballers-chart.js": {"path":"/Users/wellick/Repos/footballers-frontend/src/components/footballers-chart.js","statementMap":{"0":{"start":{"line":12,"column":25},"end":{"line":46,"column":1}},"1":{"start":{"line":13,"column":21},"end":{"line":13,"column":62}},"2":{"start":{"line":13,"column":44},"end":{"line":13,"column":61}},"3":{"start":{"line":15,"column":2},"end":{"line":17,"column":3}},"4":{"start":{"line":16,"column":4},"end":{"line":16,"column":42}},"5":{"start":{"line":19,"column":23},"end":{"line":23,"column":79}},"6":{"start":{"line":20,"column":24},"end":{"line":20,"column":41}},"7":{"start":{"line":21,"column":24},"end":{"line":21,"column":40}},"8":{"start":{"line":22,"column":22},"end":{"line":22,"column":68}},"9":{"start":{"line":23,"column":22},"end":{"line":23,"column":77}},"10":{"start":{"line":25,"column":2},"end":{"line":45,"column":4}}},"fnMap":{"0":{"name":"(anonymous_0)","decl":{"start":{"line":12,"column":25},"end":{"line":12,"column":26}},"loc":{"start":{"line":12,"column":31},"end":{"line":46,"column":1}},"line":12},"1":{"name":"(anonymous_1)","decl":{"start":{"line":13,"column":33},"end":{"line":13,"column":34}},"loc":{"start":{"line":13,"column":44},"end":{"line":13,"column":61}},"line":13},"2":{"name":"(anonymous_2)","decl":{"start":{"line":20,"column":12},"end":{"line":20,"column":13}},"loc":{"start":{"line":20,"column":24},"end":{"line":20,"column":41}},"line":20},"3":{"name":"(anonymous_3)","decl":{"start":{"line":21,"column":12},"end":{"line":21,"column":13}},"loc":{"start":{"line":21,"column":24},"end":{"line":21,"column":40}},"line":21},"4":{"name":"(anonymous_4)","decl":{"start":{"line":22,"column":9},"end":{"line":22,"column":10}},"loc":{"start":{"line":22,"column":22},"end":{"line":22,"column":68}},"line":22},"5":{"name":"(anonymous_5)","decl":{"start":{"line":23,"column":9},"end":{"line":23,"column":10}},"loc":{"start":{"line":23,"column":22},"end":{"line":23,"column":77}},"line":23}},"branchMap":{"0":{"loc":{"start":{"line":15,"column":2},"end":{"line":17,"column":3}},"type":"if","locations":[{"start":{"line":15,"column":2},"end":{"line":17,"column":3}},{"start":{"line":15,"column":2},"end":{"line":17,"column":3}}],"line":15}},"s":{"0":0,"1":0,"2":0,"3":0,"4":0,"5":0,"6":0,"7":0,"8":0,"9":0,"10":0},"f":{"0":0,"1":0,"2":0,"3":0,"4":0,"5":0},"b":{"0":[0,0]}}
,"/Users/wellick/Repos/footballers-frontend/src/components/index.js": {"path":"/Users/wellick/Repos/footballers-frontend/src/components/index.js","statementMap":{},"fnMap":{},"branchMap":{},"s":{},"f":{},"b":{}}
,"/Users/wellick/Repos/footballers-frontend/src/components/seasons-selector.js": {"path":"/Users/wellick/Repos/footballers-frontend/src/components/seasons-selector.js","statementMap":{"0":{"start":{"line":6,"column":24},"end":{"line":54,"column":1}},"1":{"start":{"line":7,"column":22},"end":{"line":7,"column":63}},"2":{"start":{"line":7,"column":45},"end":{"line":7,"column":62}},"3":{"start":{"line":8,"column":19},"end":{"line":8,"column":32}},"4":{"start":{"line":9,"column":40},"end":{"line":9,"column":55}},"5":{"start":{"line":11,"column":2},"end":{"line":11,"column":51}},"6":{"start":{"line":11,"column":18},"end":{"line":11,"column":45}},"7":{"start":{"line":13,"column":2},"end":{"line":53,"column":4}},"8":{"start":{"line":21,"column":27},"end":{"line":21,"column":47}},"9":{"start":{"line":22,"column":27},"end":{"line":22,"column":48}},"10":{"start":{"line":24,"column":14},"end":{"line":24,"column":63}},"11":{"start":{"line":26,"column":29},"end":{"line":26,"column":56}},"12":{"start":{"line":38,"column":14},"end":{"line":47,"column":19}},"13":{"start":{"line":43,"column":18},"end":{"line":43,"column":67}}},"fnMap":{"0":{"name":"(anonymous_0)","decl":{"start":{"line":6,"column":24},"end":{"line":6,"column":25}},"loc":{"start":{"line":6,"column":30},"end":{"line":54,"column":1}},"line":6},"1":{"name":"(anonymous_1)","decl":{"start":{"line":7,"column":34},"end":{"line":7,"column":35}},"loc":{"start":{"line":7,"column":45},"end":{"line":7,"column":62}},"line":7},"2":{"name":"(anonymous_2)","decl":{"start":{"line":11,"column":12},"end":{"line":11,"column":13}},"loc":{"start":{"line":11,"column":18},"end":{"line":11,"column":45}},"line":11},"3":{"name":"(anonymous_3)","decl":{"start":{"line":21,"column":21},"end":{"line":21,"column":22}},"loc":{"start":{"line":21,"column":27},"end":{"line":21,"column":47}},"line":21},"4":{"name":"(anonymous_4)","decl":{"start":{"line":22,"column":20},"end":{"line":22,"column":21}},"loc":{"start":{"line":22,"column":27},"end":{"line":22,"column":48}},"line":22},"5":{"name":"(anonymous_5)","decl":{"start":{"line":23,"column":23},"end":{"line":23,"column":24}},"loc":{"start":{"line":24,"column":14},"end":{"line":24,"column":63}},"line":24},"6":{"name":"(anonymous_6)","decl":{"start":{"line":26,"column":22},"end":{"line":26,"column":23}},"loc":{"start":{"line":26,"column":29},"end":{"line":26,"column":56}},"line":26},"7":{"name":"(anonymous_7)","decl":{"start":{"line":37,"column":25},"end":{"line":37,"column":26}},"loc":{"start":{"line":38,"column":14},"end":{"line":47,"column":19}},"line":38},"8":{"name":"(anonymous_8)","decl":{"start":{"line":42,"column":29},"end":{"line":42,"column":30}},"loc":{"start":{"line":43,"column":18},"end":{"line":43,"column":67}},"line":43}},"branchMap":{"0":{"loc":{"start":{"line":24,"column":14},"end":{"line":24,"column":63}},"type":"cond-expr","locations":[{"start":{"line":24,"column":35},"end":{"line":24,"column":56}},{"start":{"line":24,"column":59},"end":{"line":24,"column":63}}],"line":24},"1":{"loc":{"start":{"line":32,"column":9},"end":{"line":50,"column":16}},"type":"cond-expr","locations":[{"start":{"line":33,"column":10},"end":{"line":49,"column":15}},{"start":{"line":50,"column":12},"end":{"line":50,"column":16}}],"line":32}},"s":{"0":0,"1":0,"2":0,"3":0,"4":0,"5":0,"6":0,"7":0,"8":0,"9":0,"10":0,"11":0,"12":0,"13":0},"f":{"0":0,"1":0,"2":0,"3":0,"4":0,"5":0,"6":0,"7":0,"8":0},"b":{"0":[0,0],"1":[0,0]}}
,"/Users/wellick/Repos/footballers-frontend/src/components/sidebar.js": {"path":"/Users/wellick/Repos/footballers-frontend/src/components/sidebar.js","statementMap":{"0":{"start":{"line":3,"column":16},"end":{"line":19,"column":1}},"1":{"start":{"line":4,"column":2},"end":{"line":18,"column":4}}},"fnMap":{"0":{"name":"(anonymous_0)","decl":{"start":{"line":3,"column":16},"end":{"line":3,"column":17}},"loc":{"start":{"line":3,"column":22},"end":{"line":19,"column":1}},"line":3}},"branchMap":{},"s":{"0":0,"1":0},"f":{"0":0},"b":{}}
,"/Users/wellick/Repos/footballers-frontend/src/icons/home-icon.js": {"path":"/Users/wellick/Repos/footballers-frontend/src/icons/home-icon.js","statementMap":{"0":{"start":{"line":1,"column":17},"end":{"line":17,"column":1}},"1":{"start":{"line":2,"column":2},"end":{"line":16,"column":4}}},"fnMap":{"0":{"name":"(anonymous_0)","decl":{"start":{"line":1,"column":17},"end":{"line":1,"column":18}},"loc":{"start":{"line":1,"column":23},"end":{"line":17,"column":1}},"line":1}},"branchMap":{},"s":{"0":0,"1":0},"f":{"0":0},"b":{}}
,"/Users/wellick/Repos/footballers-frontend/src/icons/iex-icon.js": {"path":"/Users/wellick/Repos/footballers-frontend/src/icons/iex-icon.js","statementMap":{"0":{"start":{"line":1,"column":16},"end":{"line":22,"column":1}},"1":{"start":{"line":2,"column":2},"end":{"line":21,"column":4}}},"fnMap":{"0":{"name":"(anonymous_0)","decl":{"start":{"line":1,"column":16},"end":{"line":1,"column":17}},"loc":{"start":{"line":1,"column":22},"end":{"line":22,"column":1}},"line":1}},"branchMap":{},"s":{"0":0,"1":0},"f":{"0":0},"b":{}}
,"/Users/wellick/Repos/footballers-frontend/src/icons/index.js": {"path":"/Users/wellick/Repos/footballers-frontend/src/icons/index.js","statementMap":{},"fnMap":{},"branchMap":{},"s":{},"f":{},"b":{}}
,"/Users/wellick/Repos/footballers-frontend/src/icons/mirror-pools-icon.js": {"path":"/Users/wellick/Repos/footballers-frontend/src/icons/mirror-pools-icon.js","statementMap":{"0":{"start":{"line":3,"column":24},"end":{"line":12,"column":1}},"1":{"start":{"line":4,"column":2},"end":{"line":11,"column":4}}},"fnMap":{"0":{"name":"(anonymous_0)","decl":{"start":{"line":3,"column":24},"end":{"line":3,"column":25}},"loc":{"start":{"line":3,"column":30},"end":{"line":12,"column":1}},"line":3}},"branchMap":{},"s":{"0":0,"1":0},"f":{"0":0},"b":{}}
,"/Users/wellick/Repos/footballers-frontend/src/icons/search-icon.js": {"path":"/Users/wellick/Repos/footballers-frontend/src/icons/search-icon.js","statementMap":{"0":{"start":{"line":3,"column":19},"end":{"line":15,"column":1}},"1":{"start":{"line":4,"column":2},"end":{"line":14,"column":4}}},"fnMap":{"0":{"name":"(anonymous_0)","decl":{"start":{"line":3,"column":19},"end":{"line":3,"column":20}},"loc":{"start":{"line":3,"column":25},"end":{"line":15,"column":1}},"line":3}},"branchMap":{},"s":{"0":0,"1":0},"f":{"0":0},"b":{}}
,"/Users/wellick/Repos/footballers-frontend/src/redux/index.js": {"path":"/Users/wellick/Repos/footballers-frontend/src/redux/index.js","statementMap":{},"fnMap":{},"branchMap":{},"s":{},"f":{},"b":{}}
,"/Users/wellick/Repos/footballers-frontend/src/redux/store.js": {"path":"/Users/wellick/Repos/footballers-frontend/src/redux/store.js","statementMap":{"0":{"start":{"line":9,"column":0},"end":{"line":13,"column":1}},"1":{"start":{"line":10,"column":2},"end":{"line":10,"column":80}},"2":{"start":{"line":12,"column":2},"end":{"line":12,"column":54}}},"fnMap":{},"branchMap":{"0":{"loc":{"start":{"line":9,"column":0},"end":{"line":13,"column":1}},"type":"if","locations":[{"start":{"line":9,"column":0},"end":{"line":13,"column":1}},{"start":{"line":9,"column":0},"end":{"line":13,"column":1}}],"line":9}},"s":{"0":0,"1":0,"2":0},"f":{},"b":{"0":[0,0]}}
,"/Users/wellick/Repos/footballers-frontend/src/redux/actions/index.js": {"path":"/Users/wellick/Repos/footballers-frontend/src/redux/actions/index.js","statementMap":{},"fnMap":{},"branchMap":{},"s":{},"f":{},"b":{}}
,"/Users/wellick/Repos/footballers-frontend/src/redux/actions/retrieve-season.js": {"path":"/Users/wellick/Repos/footballers-frontend/src/redux/actions/retrieve-season.js","statementMap":{"0":{"start":{"line":4,"column":23},"end":{"line":34,"column":1}},"1":{"start":{"line":5,"column":2},"end":{"line":33,"column":4}},"2":{"start":{"line":6,"column":23},"end":{"line":14,"column":5}},"3":{"start":{"line":16,"column":4},"end":{"line":27,"column":5}},"4":{"start":{"line":17,"column":6},"end":{"line":26,"column":9}},"5":{"start":{"line":29,"column":4},"end":{"line":32,"column":7}}},"fnMap":{"0":{"name":"(anonymous_0)","decl":{"start":{"line":4,"column":23},"end":{"line":4,"column":24}},"loc":{"start":{"line":4,"column":35},"end":{"line":34,"column":1}},"line":4},"1":{"name":"(anonymous_1)","decl":{"start":{"line":5,"column":9},"end":{"line":5,"column":10}},"loc":{"start":{"line":5,"column":29},"end":{"line":33,"column":3}},"line":5}},"branchMap":{"0":{"loc":{"start":{"line":16,"column":4},"end":{"line":27,"column":5}},"type":"if","locations":[{"start":{"line":16,"column":4},"end":{"line":27,"column":5}},{"start":{"line":16,"column":4},"end":{"line":27,"column":5}}],"line":16}},"s":{"0":0,"1":0,"2":0,"3":0,"4":0,"5":0},"f":{"0":0,"1":0},"b":{"0":[0,0]}}
,"/Users/wellick/Repos/footballers-frontend/src/redux/actions/retrieve-seasons.js": {"path":"/Users/wellick/Repos/footballers-frontend/src/redux/actions/retrieve-seasons.js","statementMap":{"0":{"start":{"line":4,"column":24},"end":{"line":22,"column":1}},"1":{"start":{"line":5,"column":2},"end":{"line":21,"column":4}},"2":{"start":{"line":6,"column":23},"end":{"line":8,"column":5}},"3":{"start":{"line":10,"column":4},"end":{"line":15,"column":5}},"4":{"start":{"line":11,"column":6},"end":{"line":14,"column":9}},"5":{"start":{"line":17,"column":4},"end":{"line":20,"column":7}}},"fnMap":{"0":{"name":"(anonymous_0)","decl":{"start":{"line":4,"column":24},"end":{"line":4,"column":25}},"loc":{"start":{"line":4,"column":30},"end":{"line":22,"column":1}},"line":4},"1":{"name":"(anonymous_1)","decl":{"start":{"line":5,"column":9},"end":{"line":5,"column":10}},"loc":{"start":{"line":5,"column":29},"end":{"line":21,"column":3}},"line":5}},"branchMap":{"0":{"loc":{"start":{"line":10,"column":4},"end":{"line":15,"column":5}},"type":"if","locations":[{"start":{"line":10,"column":4},"end":{"line":15,"column":5}},{"start":{"line":10,"column":4},"end":{"line":15,"column":5}}],"line":10}},"s":{"0":0,"1":0,"2":0,"3":0,"4":0,"5":0},"f":{"0":0,"1":0},"b":{"0":[0,0]}}
,"/Users/wellick/Repos/footballers-frontend/src/redux/constants/index.js": {"path":"/Users/wellick/Repos/footballers-frontend/src/redux/constants/index.js","statementMap":{"0":{"start":{"line":1,"column":32},"end":{"line":1,"column":50}},"1":{"start":{"line":2,"column":31},"end":{"line":2,"column":48}},"2":{"start":{"line":3,"column":27},"end":{"line":3,"column":40}}},"fnMap":{},"branchMap":{},"s":{"0":0,"1":0,"2":0},"f":{},"b":{}}
,"/Users/wellick/Repos/footballers-frontend/src/redux/reducers/footballers.js": {"path":"/Users/wellick/Repos/footballers-frontend/src/redux/reducers/footballers.js","statementMap":{"0":{"start":{"line":3,"column":20},"end":{"line":34,"column":1}},"1":{"start":{"line":7,"column":2},"end":{"line":13,"column":3}},"2":{"start":{"line":8,"column":22},"end":{"line":8,"column":36}},"3":{"start":{"line":9,"column":4},"end":{"line":12,"column":6}},"4":{"start":{"line":15,"column":2},"end":{"line":22,"column":3}},"5":{"start":{"line":16,"column":31},"end":{"line":16,"column":45}},"6":{"start":{"line":17,"column":4},"end":{"line":21,"column":6}},"7":{"start":{"line":24,"column":2},"end":{"line":31,"column":3}},"8":{"start":{"line":25,"column":30},"end":{"line":25,"column":44}},"9":{"start":{"line":26,"column":4},"end":{"line":30,"column":6}},"10":{"start":{"line":33,"column":2},"end":{"line":33,"column":15}}},"fnMap":{"0":{"name":"(anonymous_0)","decl":{"start":{"line":3,"column":20},"end":{"line":3,"column":21}},"loc":{"start":{"line":6,"column":5},"end":{"line":34,"column":1}},"line":6}},"branchMap":{"0":{"loc":{"start":{"line":4,"column":2},"end":{"line":4,"column":48}},"type":"default-arg","locations":[{"start":{"line":4,"column":10},"end":{"line":4,"column":48}}],"line":4},"1":{"loc":{"start":{"line":7,"column":2},"end":{"line":13,"column":3}},"type":"if","locations":[{"start":{"line":7,"column":2},"end":{"line":13,"column":3}},{"start":{"line":7,"column":2},"end":{"line":13,"column":3}}],"line":7},"2":{"loc":{"start":{"line":15,"column":2},"end":{"line":22,"column":3}},"type":"if","locations":[{"start":{"line":15,"column":2},"end":{"line":22,"column":3}},{"start":{"line":15,"column":2},"end":{"line":22,"column":3}}],"line":15},"3":{"loc":{"start":{"line":24,"column":2},"end":{"line":31,"column":3}},"type":"if","locations":[{"start":{"line":24,"column":2},"end":{"line":31,"column":3}},{"start":{"line":24,"column":2},"end":{"line":31,"column":3}}],"line":24}},"s":{"0":0,"1":0,"2":0,"3":0,"4":0,"5":0,"6":0,"7":0,"8":0,"9":0,"10":0},"f":{"0":0},"b":{"0":[0],"1":[0,0],"2":[0,0],"3":[0,0]}}
,"/Users/wellick/Repos/footballers-frontend/src/redux/reducers/index.js": {"path":"/Users/wellick/Repos/footballers-frontend/src/redux/reducers/index.js","statementMap":{"0":{"start":{"line":4,"column":20},"end":{"line":6,"column":2}}},"fnMap":{},"branchMap":{},"s":{"0":0},"f":{},"b":{}}
,"/Users/wellick/Repos/footballers-frontend/src/utilities/index.js": {"path":"/Users/wellick/Repos/footballers-frontend/src/utilities/index.js","statementMap":{},"fnMap":{},"branchMap":{},"s":{},"f":{},"b":{}}
,"/Users/wellick/Repos/footballers-frontend/src/utilities/promiseHelper.js": {"path":"/Users/wellick/Repos/footballers-frontend/src/utilities/promiseHelper.js","statementMap":{"0":{"start":{"line":1,"column":22},"end":{"line":5,"column":37}},"1":{"start":{"line":2,"column":2},"end":{"line":5,"column":37}},"2":{"start":{"line":3,"column":19},"end":{"line":3,"column":29}},"3":{"start":{"line":4,"column":20},"end":{"line":4,"column":37}},"4":{"start":{"line":5,"column":20},"end":{"line":5,"column":36}}},"fnMap":{"0":{"name":"(anonymous_0)","decl":{"start":{"line":1,"column":22},"end":{"line":1,"column":23}},"loc":{"start":{"line":2,"column":2},"end":{"line":5,"column":37}},"line":2},"1":{"name":"(anonymous_1)","decl":{"start":{"line":3,"column":10},"end":{"line":3,"column":11}},"loc":{"start":{"line":3,"column":19},"end":{"line":3,"column":29}},"line":3},"2":{"name":"(anonymous_2)","decl":{"start":{"line":4,"column":10},"end":{"line":4,"column":11}},"loc":{"start":{"line":4,"column":20},"end":{"line":4,"column":37}},"line":4},"3":{"name":"(anonymous_3)","decl":{"start":{"line":5,"column":11},"end":{"line":5,"column":12}},"loc":{"start":{"line":5,"column":20},"end":{"line":5,"column":36}},"line":5}},"branchMap":{},"s":{"0":0,"1":0,"2":0,"3":0,"4":0},"f":{"0":0,"1":0,"2":0,"3":0},"b":{}}
}
